[2016.03.21-08.52.35:473][  0]Log file open, 03/21/16 11:52:35
[2016.03.21-08.52.35:473][  0]LogInit:Display: Running engine for game: Project_Vektor
[2016.03.21-08.52.35:473][  0]LogPlatformFile: Not using cached read wrapper
[2016.03.21-08.52.35:473][  0]LogInit:Display: RandInit(-1511273258) SRandInit(-1511273256).
[2016.03.21-08.52.35:473][  0]LogTaskGraph: Started task graph with 4 named threads and 7 total threads.
[2016.03.21-08.52.35:473][  0]LogStats: Stats thread started at 0.063902
[2016.03.21-08.52.35:473][  0]LogInit: Version: 4.10.4-2872498+++depot+UE4-Releases+4.10
[2016.03.21-08.52.35:473][  0]LogInit: API Version: 2758231
[2016.03.21-08.52.35:473][  0]LogInit: Compiled (64-bit): Feb 18 2016 15:47:04
[2016.03.21-08.52.35:473][  0]LogInit: Compiled with Visual C++: 19.00.23026.00
[2016.03.21-08.52.35:473][  0]LogInit: Build Configuration: Development
[2016.03.21-08.52.35:473][  0]LogInit: Branch Name: ++depot+UE4-Releases+4.10
[2016.03.21-08.52.35:473][  0]LogInit: Command line:  
[2016.03.21-08.52.35:473][  0]LogInit: Base directory: C:/Program Files (x86)/Epic Games/4.10/Engine/Binaries/Win64/
[2016.03.21-08.52.35:473][  0]LogInit: Rocket: 1
[2016.03.21-08.52.35:477][  0]LogInit: Using libcurl 7.41.0
[2016.03.21-08.52.35:477][  0]LogInit:  - built for x86_64-pc-win32
[2016.03.21-08.52.35:477][  0]LogInit:  - supports SSL with WinSSL
[2016.03.21-08.52.35:477][  0]LogInit:  - other features:
[2016.03.21-08.52.35:477][  0]LogInit:      CURL_VERSION_SSL
[2016.03.21-08.52.35:477][  0]LogInit:      CURL_VERSION_IPV6
[2016.03.21-08.52.35:477][  0]LogInit:      CURL_VERSION_ASYNCHDNS
[2016.03.21-08.52.35:477][  0]LogInit:      CURL_VERSION_LARGEFILE
[2016.03.21-08.52.35:477][  0]LogInit:      CURL_VERSION_IDN
[2016.03.21-08.52.35:477][  0]LogInit:  CurlRequestOptions (configurable via config and command line):
[2016.03.21-08.52.35:477][  0]LogInit:  - bVerifyPeer = true  - Libcurl will verify peer certificate
[2016.03.21-08.52.35:477][  0]LogInit:  - bUseHttpProxy = false  - Libcurl will NOT use HTTP proxy
[2016.03.21-08.52.35:477][  0]LogInit:  - bDontReuseConnections = false  - Libcurl will reuse connections
[2016.03.21-08.52.35:477][  0]LogInit:  - CertBundlePath = nullptr  - Libcurl will use whatever was configured at build time.
[2016.03.21-08.52.35:482][  0]LogInit: Presizing for 0 objects not considered by GC, pre-allocating 0 bytes.
[2016.03.21-08.52.35:487][  0]LogInit: Object subsystem initialized
[2016.03.21-08.52.35:488][  0]LogInit: Selected Device Profile: [Windows]
[2016.03.21-08.52.35:488][  0]LogInit: Applying CVar settings loaded from the selected device profile: [Windows]
[2016.03.21-08.52.35:492][  0]LogInit: Computer: VNOVIKOV
[2016.03.21-08.52.35:492][  0]LogInit: User: vnovikov
[2016.03.21-08.52.35:492][  0]LogInit: CPU Page size=4096, Cores=4
[2016.03.21-08.52.35:492][  0]LogInit: High frequency timer resolution =3.418007 MHz
[2016.03.21-08.52.35:492][  0]LogMemory: Memory total: Physical=15.9GB (16GB approx)
[2016.03.21-08.52.35:492][  0]LogMemory: Platform Memory Stats for Windows
[2016.03.21-08.52.35:492][  0]LogMemory: Process Physical Memory: 55.82 MB used, 55.82 MB peak
[2016.03.21-08.52.35:492][  0]LogMemory: Process Virtual Memory: 58.73 MB used, 58.73 MB peak
[2016.03.21-08.52.35:492][  0]LogMemory: Physical Memory: 3547.31 MB used, 16249.03 MB total
[2016.03.21-08.52.35:492][  0]LogMemory: Virtual Memory: 352.90 MB used, 8388608.00 MB total
[2016.03.21-08.52.35:521][  0]LogTextLocalizationManager: No translations for ('ru-RU') exist, falling back to 'en' for localization and internationalization data.
[2016.03.21-08.52.35:880][  0]LogD3D11RHI: Found D3D11 adapter 0: NVIDIA GeForce GTX 960 (Feature Level 11_0)
[2016.03.21-08.52.35:880][  0]LogD3D11RHI: Adapter has 1969MB of dedicated video memory, 0MB of dedicated system memory, and 2048MB of shared system memory, 2 output[s]
[2016.03.21-08.52.35:880][  0]LogD3D11RHI: Chosen D3D11 Adapter Id = 0
[2016.03.21-08.52.35:883][  0]LogD3D11RHI: !Direct3DDevice
[2016.03.21-08.52.35:884][  0]LogRHI: Texture pool is 1361 MB (70% of 1945 MB)
[2016.03.21-08.52.35:891][  0]LogD3D11RHI: Async texture creation enabled
[2016.03.21-08.52.35:904][  0]LogShaderCompilers: Guid format shader working directory is 22 characters bigger than the processId version (D:/UEProjects/Project_Vektor/Intermediate/Shaders/WorkingDirectory/592/).
[2016.03.21-08.52.35:904][  0]LogShaderCompilers: Cleaned the shader compiler working directory 'C:/Users/vnovikov/AppData/Local/Temp/UnrealShaderWorkingDir/B4E0D11A4F3C2E0746DC8CBD7170945F/'.
[2016.03.21-08.52.35:904][  0]LogShaderCompilers:Display: Using Local Shader Compiler.
[2016.03.21-08.52.36:577][  0]LogTemp:Display: Loaded TP AllDesktopTargetPlatform
[2016.03.21-08.52.36:581][  0]LogTemp:Display: Loaded TP WindowsClientTargetPlatform
[2016.03.21-08.52.36:584][  0]LogTemp:Display: Loaded TP WindowsNoEditorTargetPlatform
[2016.03.21-08.52.36:587][  0]LogTemp:Display: Loaded TP WindowsServerTargetPlatform
[2016.03.21-08.52.36:590][  0]LogTemp:Display: Loaded TP WindowsTargetPlatform
[2016.03.21-08.52.36:592][  0]LogTemp:Display: Loaded TP AndroidTargetPlatform
[2016.03.21-08.52.36:594][  0]LogTemp:Display: Loaded TP Android_ASTCTargetPlatform
[2016.03.21-08.52.36:596][  0]LogTemp:Display: Loaded TP Android_ATCTargetPlatform
[2016.03.21-08.52.36:598][  0]LogTemp:Display: Loaded TP Android_DXTTargetPlatform
[2016.03.21-08.52.36:601][  0]LogTemp:Display: Loaded TP Android_ETC1TargetPlatform
[2016.03.21-08.52.36:603][  0]LogTemp:Display: Loaded TP Android_ETC2TargetPlatform
[2016.03.21-08.52.36:608][  0]LogTemp:Display: Loaded TP Android_MultiTargetPlatform
[2016.03.21-08.52.36:608][  0]LogTemp:Display: Loaded TP Android_PVRTCTargetPlatform
[2016.03.21-08.52.36:608][  0]LogTemp:Display: Loaded TP HTML5TargetPlatform
[2016.03.21-08.52.36:623][  0]LogTemp:Display: Loaded TP IOSTargetPlatform
[2016.03.21-08.52.36:625][  0]LogTemp:Display: Loaded TP LinuxNoEditorTargetPlatform
[2016.03.21-08.52.36:626][  0]LogTemp:Display: Loaded TP LinuxServerTargetPlatform
[2016.03.21-08.52.36:628][  0]LogTemp:Display: Loaded TP LinuxTargetPlatform
[2016.03.21-08.52.36:628][  0]LogTargetPlatformManager:Display: Building Assets For Windows
[2016.03.21-08.52.36:684][  0]LogDerivedDataCache:Display: Max Cache Size: 512 MB
[2016.03.21-08.52.36:718][  0]LogDerivedDataCache: Loaded boot cache 0.03s 41MB C:/Users/vnovikov/AppData/Local/UnrealEngine/4.10/DerivedDataCache/Boot.ddc.
[2016.03.21-08.52.36:718][  0]LogDerivedDataCache:Display: Loaded Boot cache: C:/Users/vnovikov/AppData/Local/UnrealEngine/4.10/DerivedDataCache/Boot.ddc
[2016.03.21-08.52.36:718][  0]LogDerivedDataCache: FDerivedDataBackendGraph:  Pak pak cache file D:/UEProjects/Project_Vektor/DerivedDataCache/DDC.ddp not found, will not use a pak cache.
[2016.03.21-08.52.36:718][  0]LogDerivedDataCache: Unable to find inner node Pak for hierarchical cache Hierarchy.
[2016.03.21-08.52.36:718][  0]LogDerivedDataCache: FDerivedDataBackendGraph:  CompressedPak pak cache file D:/UEProjects/Project_Vektor/DerivedDataCache/Compressed.ddp not found, will not use a pak cache.
[2016.03.21-08.52.36:718][  0]LogDerivedDataCache: Unable to find inner node CompressedPak for hierarchical cache Hierarchy.
[2016.03.21-08.52.36:764][  0]LogDerivedDataCache:Display: Pak cache opened for reading ../../../Engine/DerivedDataCache/Compressed.ddp.
[2016.03.21-08.52.36:775][  0]LogDerivedDataCache: Using Local data cache path C:/Users/vnovikov/AppData/Local/UnrealEngine/Common/DerivedDataCache: Writable
[2016.03.21-08.52.36:890][  0]LogInit: Selected Device Profile: [Windows]
[2016.03.21-08.52.36:891][  0]LogContentStreaming: Texture pool size is 0.000000MB
[2016.03.21-08.52.36:916][  0]LogMeshUtilities: No automatic mesh reduction module available
[2016.03.21-08.52.36:916][  0]LogMeshUtilities: No automatic mesh merging module available
[2016.03.21-08.52.37:159][  0]LogInit: WinSock: version 1.1 (2.2), MaxSocks=32767, MaxUdp=65467
[2016.03.21-08.52.37:716][  0]UdpMessaging: Initializing bridge on interface 0.0.0.0:0 to multicast group 230.0.0.1:6666.
[2016.03.21-08.52.37:799][  0]LogAssetRegistry: FAssetRegistry took 0.0104 seconds to start up
[2016.03.21-08.52.37:925][  0]SourceControl: Info Source control is disabled
[2016.03.21-08.52.37:926][  0]SourceControl: Info Source control is disabled
[2016.03.21-08.52.37:932][  0]SourceControl: Info Source control is disabled
[2016.03.21-08.52.37:939][  0]SourceControl: Info Source control is disabled
[2016.03.21-08.52.38:089][  0]LogObj: 28633 objects as part of root set at end of initial load.
[2016.03.21-08.52.38:089][  0]LogUObjectAllocator: 6099744 out of 0 bytes used by permanent object pool.
[2016.03.21-08.52.38:135][  0]LogEngine: Initializing Engine...
[2016.03.21-08.52.38:136][  0]LogHMD: Can't find Oculus library dev build: is proper Runtime installed? Version: 0.8.0.0
[2016.03.21-08.52.38:136][  0]LogHMD: SteamVR failed to initialize.  Err: 110
[2016.03.21-08.52.38:235][  0]LogAIModule: Creating AISystem for world NewWorld
[2016.03.21-08.52.38:239][  0]LogInit: XAudio2 using 'Динамики (Realtek High Definition Audio)' : 2 channels at 48 kHz using 32 bits per sample (channel mask 0x3)
[2016.03.21-08.52.38:247][  0]LogInit: FAudioDevice initialized.
[2016.03.21-08.52.38:265][  0]LogDerivedDataCache: Saved boot cache 0.02s 41MB C:/Users/vnovikov/AppData/Local/UnrealEngine/4.10/DerivedDataCache/Boot.ddc.
[2016.03.21-08.52.38:267][  0]LogInit: Texture streaming: Enabled
[2016.03.21-08.52.38:271][  0]LogAnalytics: Creating configured Analytics provider AnalyticsET
[2016.03.21-08.52.38:271][  0]LogAnalytics: [UEEditor.Rocket.Release] APIServer = http://et2.epicgames.com/ET2/. AppVersion = 4.10.4-2872498+++depot+UE4-Releases+4.10
[2016.03.21-08.52.38:271][  0]LogAnalytics: [UEEditor.Rocket.Release] SetUserId f53ae01540d6dc9cd1584591fa06154a|53d085766f07496a9bf34dcc5d27aa54|8cdb6ad2-59b8-47a0-8902-bc4bacc0237b
[2016.03.21-08.52.38:271][  0]LogAnalytics: [UEEditor.Rocket.Release] AnalyticsET::StartSession
[2016.03.21-08.52.38:276][  0]LogInit: Transaction tracking system initialized
[2016.03.21-08.52.38:296][  0]BlueprintLog: New page: Editor Load
[2016.03.21-08.52.38:468][  0]LocalizationService: Info Localization service is disabled
[2016.03.21-08.52.38:518][  0]LogConsoleResponse:Display: 
[2016.03.21-08.52.38:606][  0]LogFileCache: Scanning file cache for directory 'D:/UEProjects/Project_Vektor/Content/' took 0.01s
[2016.03.21-08.52.38:606][  0]LogCook:Display: Done creating registry. It took  0.00s.
[2016.03.21-08.52.38:646][  0]SourceControl: Info Source control is disabled
[2016.03.21-08.52.38:646][  0]Cmd: MAP LOAD FILE="../../../Engine/Content/Maps/Templates/Template_Default.umap" TEMPLATE=1 SHOWPROGRESS=1 FEATURELEVEL=3
[2016.03.21-08.52.38:646][  0]LightingResults: New page: Lighting Build
[2016.03.21-08.52.38:648][  0]MapCheck: New page: Map Check
[2016.03.21-08.52.38:648][  0]LightingResults: New page: Lighting Build
[2016.03.21-08.52.38:657][  0]LogParticles: Destroying 0 GPU particle simulations for FXSystem 0x0000000022F09620
[2016.03.21-08.52.38:860][  0]LogAIModule: Creating AISystem for world Untitled_1
[2016.03.21-08.52.38:864][  0]LogEditorServer: Finished looking for orphan Actors (0.000 secs)
[2016.03.21-08.52.38:867][  0]Cmd: MAP CHECKDEP NOCLEARLOG
[2016.03.21-08.52.38:890][  0]MapCheck: Info Map check complete: 0 Error(s), 0 Warning(s), took 22.554ms to complete.
[2016.03.21-08.52.38:890][  0]LogFileHelpers: Loading map 'Template_Default' took 0.244
[2016.03.21-08.52.38:991][  0]LogCollectionManager: Loaded 0 collections in 0.001606 seconds
[2016.03.21-08.52.39:029][  0]LogFileCache: Scanning file cache for directory 'D:/UEProjects/Project_Vektor/Saved/Collections/' took 0.01s
[2016.03.21-08.52.39:029][  0]LogFileCache: Scanning file cache for directory 'D:/UEProjects/Project_Vektor/Content/Developers/vnovikov/Collections/' took 0.01s
[2016.03.21-08.52.39:029][  0]LogFileCache: Scanning file cache for directory 'D:/UEProjects/Project_Vektor/Content/Collections/' took 0.01s
[2016.03.21-08.52.39:029][  0]LogCollectionManager: Rebuilt the GUID cache for 0 collections in 0.000001 seconds
[2016.03.21-08.52.39:035][  0]LogContentBrowser: Native class hierarchy populated in 0.0057 seconds. Added 1893 classes and 338 folders.
[2016.03.21-08.52.39:046][  0]LogContentBrowser: Native class hierarchy updated for 'WidgetCarousel' in 0.0003 seconds. Added 0 classes and 0 folders.
[2016.03.21-08.52.39:073][  0]LogContentBrowser: Native class hierarchy updated for 'AddContentDialog' in 0.0003 seconds. Added 0 classes and 0 folders.
[2016.03.21-08.52.39:076][  0]LogContentBrowser: Native class hierarchy updated for 'SceneOutliner' in 0.0003 seconds. Added 1 classes and 2 folders.
[2016.03.21-08.52.39:091][  0]LogCrashTracker: Crashtracker disabled due to settings.
[2016.03.21-08.52.39:094][  0]LogUObjectGlobals:Warning: Failed to find object 'Class None.'
[2016.03.21-08.52.39:114][  0]LogLoad: Full Startup: 3.93 seconds (BP compile: 0.04 seconds)
[2016.03.21-08.52.39:127][  0]LogOcInput: Can't find Oculus library dev build: is proper Runtime installed? Version: 0.8.0.0
[2016.03.21-08.52.39:170][  0]LogContentStreaming: Texture pool size now 1000 MB
[2016.03.21-08.52.39:291][  0]LogRenderer: Reallocating scene render targets to support 1208x580 (Frame:2).
[2016.03.21-08.52.39:372][  2]LogAssetRegistry: Asset discovery search completed in 1.5837 seconds
[2016.03.21-08.52.39:375][  2]LogCollectionManager: Rebuilt the object cache for 0 collections in 0.000000 seconds (found 0 objects)
[2016.03.21-08.52.39:375][  2]LogCollectionManager: Fixed up redirectors for 0 collections in 0.001110 seconds (updated 0 objects)
[2016.03.21-08.55.30:715][817]LogLinker:Warning: Asset '../../../Engine/Content/ArtTools/RenderToTexture/Macros/RenderToTextureMacros.uasset' has been saved with empty engine version. The asset will be loaded but may be incompatible.
[2016.03.21-08.55.31:185][817]LogContentBrowser: Native class hierarchy updated for 'BlueprintGraph' in 0.0007 seconds. Added 107 classes and 0 folders.
[2016.03.21-08.55.31:816][817]LogRenderer: Reallocating scene render targets to support 1208x940 (Frame:3685).
[2016.03.21-08.57.10:666][364]Cmd: OBJ SAVEPACKAGE PACKAGE="/Game/Blueprints/Core/BP_AdventureMode" FILE="D:/UEProjects/Project_Vektor/Content/Blueprints/Core/BP_AdventureMode.uasset" SILENT=true
[2016.03.21-08.57.10:675][364]LogSavePackage: Save=6.203322ms
[2016.03.21-08.57.10:675][364]LogSavePackage: Moving 'D:/UEProjects/Project_Vektor/Saved/BP_AdventureMode3F13696B4B7873477C6C56A0E1D76034.tmp' to 'D:/UEProjects/Project_Vektor/Content/Blueprints/Core/BP_AdventureMode.uasset'
[2016.03.21-08.57.10:675][364]LogSavePackage: Total save time: 9.118181ms
[2016.03.21-08.57.10:675][364]LogSavePackage:Display: Finished SavePackage D:/UEProjects/Project_Vektor/Content/Blueprints/Core/BP_AdventureMode.uasset
[2016.03.21-08.57.10:685][364]Cmd: OBJ SAVEPACKAGE PACKAGE="/Game/Blueprints/Core/BP_MainHUD" FILE="D:/UEProjects/Project_Vektor/Content/Blueprints/Core/BP_MainHUD.uasset" SILENT=true
[2016.03.21-08.57.10:691][364]LogSavePackage: Save=5.910169ms
[2016.03.21-08.57.10:691][364]LogSavePackage: Moving 'D:/UEProjects/Project_Vektor/Saved/BP_MainHUDDC7D389B49ECADBB6B3BCC916E9C6927.tmp' to 'D:/UEProjects/Project_Vektor/Content/Blueprints/Core/BP_MainHUD.uasset'
[2016.03.21-08.57.10:692][364]LogSavePackage: Total save time: 6.435622ms
[2016.03.21-08.57.10:692][364]LogSavePackage:Display: Finished SavePackage D:/UEProjects/Project_Vektor/Content/Blueprints/Core/BP_MainHUD.uasset
[2016.03.21-08.57.10:700][364]Cmd: OBJ SAVEPACKAGE PACKAGE="/Game/Blueprints/Core/BP_PlayerController" FILE="D:/UEProjects/Project_Vektor/Content/Blueprints/Core/BP_PlayerController.uasset" SILENT=true
[2016.03.21-08.57.10:871][364]LogSavePackage: Save=5.947033ms
[2016.03.21-08.57.10:871][364]LogSavePackage: Moving 'D:/UEProjects/Project_Vektor/Saved/BP_PlayerController7E231B23492A61978EB90697F05E0665.tmp' to 'D:/UEProjects/Project_Vektor/Content/Blueprints/Core/BP_PlayerController.uasset'
[2016.03.21-08.57.10:872][364]LogSavePackage: Total save time: 6.655045ms
[2016.03.21-08.57.10:872][364]LogSavePackage:Display: Finished SavePackage D:/UEProjects/Project_Vektor/Content/Blueprints/Core/BP_PlayerController.uasset
[2016.03.21-08.57.10:879][364]Cmd: OBJ SAVEPACKAGE PACKAGE="/Game/Blueprints/Core/BP_PlayerCharacter" FILE="D:/UEProjects/Project_Vektor/Content/Blueprints/Core/BP_PlayerCharacter.uasset" SILENT=true
[2016.03.21-08.57.10:890][364]LogSavePackage: Save=10.089798ms
[2016.03.21-08.57.10:890][364]LogSavePackage: Moving 'D:/UEProjects/Project_Vektor/Saved/BP_PlayerCharacterE35151AB4231E065BE4447869A3FAB66.tmp' to 'D:/UEProjects/Project_Vektor/Content/Blueprints/Core/BP_PlayerCharacter.uasset'
[2016.03.21-08.57.10:890][364]LogSavePackage: Total save time: 10.644797ms
[2016.03.21-08.57.10:890][364]LogSavePackage:Display: Finished SavePackage D:/UEProjects/Project_Vektor/Content/Blueprints/Core/BP_PlayerCharacter.uasset
[2016.03.21-08.57.10:898][364]Cmd: OBJ SAVEPACKAGE PACKAGE="/Game/Blueprints/Core/BP_SaveGame" FILE="D:/UEProjects/Project_Vektor/Content/Blueprints/Core/BP_SaveGame.uasset" SILENT=true
[2016.03.21-08.57.10:899][364]LogSavePackage: Save=1.117025ms
[2016.03.21-08.57.10:899][364]LogSavePackage: Moving 'D:/UEProjects/Project_Vektor/Saved/BP_SaveGameB3DA16404AF798AB87F9E58B710AFBDB.tmp' to 'D:/UEProjects/Project_Vektor/Content/Blueprints/Core/BP_SaveGame.uasset'
[2016.03.21-08.57.10:900][364]LogSavePackage: Total save time: 1.694847ms
[2016.03.21-08.57.10:900][364]LogSavePackage:Display: Finished SavePackage D:/UEProjects/Project_Vektor/Content/Blueprints/Core/BP_SaveGame.uasset
[2016.03.21-08.57.17:580][ 77]MapCheck: New page: Map Check
[2016.03.21-08.57.17:627][ 77]Cmd: MAP REBUILD ALLVISIBLE
[2016.03.21-08.57.17:632][ 77]LogEditorServer: Rebuildmap Clear paths rebuilt
[2016.03.21-08.57.17:701][ 77]MapCheck:Warning: Warning WorldSettings_1 Hierarchical LOD System is disabled or no HLOD level settings available, unable to build LOD actors. 
[2016.03.21-08.57.17:701][ 77]LogStats:          STAT_HLOD_BuildClusters - 19.597 ms
[2016.03.21-08.57.17:711][ 77]LightingResults: New page: Lighting Build - Mar 21, 2016, 2:57:17 PM
[2016.03.21-08.57.30:821][ 77]LogStaticLightingSystem:Warning: No importance volume found, so the scene bounding box was used.  You can optimize your scene's quality and lighting build times by adding importance volumes.
[2016.03.21-08.57.30:821][ 77]LogStaticLightingSystem: Running Lightmass w/ ImmediateImport mode ENABLED
[2016.03.21-08.57.30:821][ 77]LogStaticLightingSystem: Running Lightmass w/ ImmediateProcess mode ENABLED
[2016.03.21-08.57.30:821][ 77]LogStaticLightingSystem: Running Lightmass w/ Sorting mode ENABLED
[2016.03.21-08.57.30:821][ 77]LogStaticLightingSystem: Running Lightmass w/ Mapping paddings ENABLED
[2016.03.21-08.57.30:821][ 77]LogStaticLightingSystem: Running Lightmass w/ Mapping debug paddings DISABLED
[2016.03.21-08.57.31:274][ 77]LogEditorBuildUtils: Build time 0:00:13
[2016.03.21-08.57.31:288][ 77]LogMaterial: Missing cached shader map for material FLightmassMaterialRenderer MaterialInstanceDynamic_40, compiling. 
[2016.03.21-08.57.31:302][ 77]LogMaterial: Missing cached shader map for material FLightmassMaterialRenderer MaterialInstanceDynamic_40, compiling. 
[2016.03.21-08.57.32:309][ 78]LogShaderCompilers:Warning: Failed to compile Material  for platform PCD3D_SM5, Default Material will be used in game.
[2016.03.21-08.57.32:309][ 78]LogShaderCompilers:Warning: Failed to compile Material  for platform PCD3D_SM5, Default Material will be used in game.
[2016.03.21-08.57.33:816][ 83]Job is a success!
[2016.03.21-08.57.34:254][ 84]LogTexture:Display: Building textures: HQ_Lightmap0_1 (AutoDXT)
[2016.03.21-08.57.34:271][ 84]LogTexture:Display: Building textures: LQ_Lightmap_1_2 (DXT1)
[2016.03.21-08.57.34:271][ 84]LogTexture:Display: Building textures: HQ_Lightmap1_2 (AutoDXT)
[2016.03.21-08.57.34:272][ 84]LogTexture:Display: Building textures: LQ_Lightmap_0_1 (DXT1)
[2016.03.21-08.57.34:280][ 84]LogTexture:Display: Building textures: ShadowMapTexture2D_0 (G8)
[2016.03.21-08.57.34:282][ 84]LogTexture:Display: Building textures: ShadowMapTexture2D_3 (G8)
[2016.03.21-08.57.34:345][ 84]Lightmass on VNOVIKOV: 856 ms total, 103 ms importing, 0 ms setup, 104 ms photons, 612 ms processing, 0 ms extra exporting [2/2 mappings]. Threads: 2.42 sec total, 120 ms processing.
[2016.03.21-08.57.34:396][ 84]LogStaticLightingSystem: Illumination: 16.3 sec (33 ms encoding lightmaps)
[2016.03.21-08.57.34:396][ 84]LogStaticLightingSystem: Lightmap texture memory:  0.1 MB (0.1 MB streaming, 0.0 MB non-streaming), 4 textures
[2016.03.21-08.57.34:396][ 84]LogStaticLightingSystem: Shadowmap texture memory: 0.0 MB (0.0 MB streaming, 0.0 MB non-streaming), 2 textures
[2016.03.21-08.57.34:829][ 85]Cmd: MAP CHECK NOTIFYRESULTS
[2016.03.21-08.57.34:829][ 85]MapCheck: New page: Untitled_1 - Mar 21, 2016, 2:57:34 PM
[2016.03.21-08.57.34:863][ 85]MapCheck: Info Map check complete: 0 Error(s), 0 Warning(s), took 34.184ms to complete.
[2016.03.21-09.00.05:561][338]BlueprintLog: New page: Compile BP_PlayerCharacter
[2016.03.21-09.00.05:674][338]BlueprintEditorCompileResults: Info [0450.50] Compile of BP_PlayerCharacter successful! [in 112 ms]
[2016.03.21-09.00.07:118][499]LogPlayLevel: PlayLevel: No blueprints needed recompiling
[2016.03.21-09.00.07:118][499]PIE: New page: PIE session: Untitled_1 (Mar 21, 2016, 3:00:07 PM)
[2016.03.21-09.00.07:118][499]LogPlayLevel: Creating play world package: /Temp/UEDPIE_0_Untitled_1
[2016.03.21-09.00.07:120][499]LogPlayLevel: PIE: StaticDuplicateObject took: (0.001619s)
[2016.03.21-09.00.07:120][499]LogAIModule: Creating AISystem for world Untitled_1
[2016.03.21-09.00.07:121][499]LogPlayLevel: PIE: World Init took: (0.000671s)
[2016.03.21-09.00.07:121][499]LogPlayLevel: PIE: Created PIE world by copying editor world from /Temp/Untitled_1.Untitled_1 to /Temp/UEDPIE_0_Untitled_1.Untitled_1 (0.002844s)
[2016.03.21-09.00.07:146][499]LogInit: XAudio2 using 'Динамики (Realtek High Definition Audio)' : 2 channels at 48 kHz using 32 bits per sample (channel mask 0x3)
[2016.03.21-09.00.07:155][499]LogInit: FAudioDevice initialized.
[2016.03.21-09.00.07:212][499]LogWorld: Game class is 'BP_AdventureMode_C'
[2016.03.21-09.00.07:225][499]LogWorld: Bringing World /Temp/UEDPIE_0_Untitled_1.Untitled_1 up for play (max tick rate 0) at 2016.03.21-12.00.07
[2016.03.21-09.00.07:225][499]LogActor:Warning: GameSession /Temp/UEDPIE_0_Untitled_1.Untitled_1:PersistentLevel.GameSession_0 has natively added scene component(s), but none of them were set as the actor's RootComponent - picking one arbitrarily
[2016.03.21-09.00.07:225][499]LogActor:Warning: GameNetworkManager /Temp/UEDPIE_0_Untitled_1.Untitled_1:PersistentLevel.GameNetworkManager_0 has natively added scene component(s), but none of them were set as the actor's RootComponent - picking one arbitrarily
[2016.03.21-09.00.07:225][499]LogWorld: Bringing up level for play took: 0.001110
[2016.03.21-09.00.07:254][499]PIE: Info Play in editor start time for /Temp/UEDPIE_0_Untitled_1 0.053
[2016.03.21-09.00.12:389][ 89]LogParticles: Destroying 0 GPU particle simulations for FXSystem 0x000000006DBDB4C0
[2016.03.21-09.00.14:000][254]LogPlayLevel: PlayLevel: No blueprints needed recompiling
[2016.03.21-09.00.14:000][254]PIE: New page: PIE session: Untitled_1 (Mar 21, 2016, 3:00:14 PM)
[2016.03.21-09.00.14:000][254]LogPlayLevel: Creating play world package: /Temp/UEDPIE_0_Untitled_1
[2016.03.21-09.00.14:002][254]LogPlayLevel: PIE: StaticDuplicateObject took: (0.001481s)
[2016.03.21-09.00.14:002][254]LogAIModule: Creating AISystem for world Untitled_1
[2016.03.21-09.00.14:002][254]LogPlayLevel: PIE: World Init took: (0.000547s)
[2016.03.21-09.00.14:002][254]LogPlayLevel: PIE: Created PIE world by copying editor world from /Temp/Untitled_1.Untitled_1 to /Temp/UEDPIE_0_Untitled_1.Untitled_1 (0.002171s)
[2016.03.21-09.00.14:025][254]LogInit: XAudio2 using 'Динамики (Realtek High Definition Audio)' : 2 channels at 48 kHz using 32 bits per sample (channel mask 0x3)
[2016.03.21-09.00.14:032][254]LogInit: FAudioDevice initialized.
[2016.03.21-09.00.14:063][254]LogWorld: Game class is 'BP_AdventureMode_C'
[2016.03.21-09.00.14:064][254]LogWorld: Bringing World /Temp/UEDPIE_0_Untitled_1.Untitled_1 up for play (max tick rate 0) at 2016.03.21-12.00.14
[2016.03.21-09.00.14:065][254]LogActor:Warning: GameSession /Temp/UEDPIE_0_Untitled_1.Untitled_1:PersistentLevel.GameSession_1 has natively added scene component(s), but none of them were set as the actor's RootComponent - picking one arbitrarily
[2016.03.21-09.00.14:065][254]LogActor:Warning: GameNetworkManager /Temp/UEDPIE_0_Untitled_1.Untitled_1:PersistentLevel.GameNetworkManager_1 has natively added scene component(s), but none of them were set as the actor's RootComponent - picking one arbitrarily
[2016.03.21-09.00.14:065][254]LogWorld: Bringing up level for play took: 0.001134
[2016.03.21-09.00.14:066][254]PIE: Info Play in editor start time for /Temp/UEDPIE_0_Untitled_1 0.865
[2016.03.21-09.00.21:778][155]LogParticles: Destroying 0 GPU particle simulations for FXSystem 0x000000006DCD4C20
[2016.03.21-09.00.35:070][540]LogSlate:Warning: Prevented a slow task dialog from being summoned while a context menu was open
[2016.03.21-09.00.42:809][304]LogPlayLevel: PlayLevel: No blueprints needed recompiling
[2016.03.21-09.00.42:809][304]PIE: New page: PIE session: Untitled_1 (Mar 21, 2016, 3:00:42 PM)
[2016.03.21-09.00.42:809][304]LogPlayLevel: Creating play world package: /Temp/UEDPIE_0_Untitled_1
[2016.03.21-09.00.42:811][304]LogPlayLevel: PIE: StaticDuplicateObject took: (0.001573s)
[2016.03.21-09.00.42:811][304]LogAIModule: Creating AISystem for world Untitled_1
[2016.03.21-09.00.42:811][304]LogPlayLevel: PIE: World Init took: (0.000536s)
[2016.03.21-09.00.42:812][304]LogPlayLevel: PIE: Created PIE world by copying editor world from /Temp/Untitled_1.Untitled_1 to /Temp/UEDPIE_0_Untitled_1.Untitled_1 (0.002266s)
[2016.03.21-09.00.42:835][304]LogInit: XAudio2 using 'Динамики (Realtek High Definition Audio)' : 2 channels at 48 kHz using 32 bits per sample (channel mask 0x3)
[2016.03.21-09.00.42:843][304]LogInit: FAudioDevice initialized.
[2016.03.21-09.00.42:872][304]LogWorld: Game class is 'BP_AdventureMode_C'
[2016.03.21-09.00.42:873][304]LogWorld: Bringing World /Temp/UEDPIE_0_Untitled_1.Untitled_1 up for play (max tick rate 0) at 2016.03.21-12.00.42
[2016.03.21-09.00.42:873][304]LogActor:Warning: GameSession /Temp/UEDPIE_0_Untitled_1.Untitled_1:PersistentLevel.GameSession_2 has natively added scene component(s), but none of them were set as the actor's RootComponent - picking one arbitrarily
[2016.03.21-09.00.42:874][304]LogActor:Warning: GameNetworkManager /Temp/UEDPIE_0_Untitled_1.Untitled_1:PersistentLevel.GameNetworkManager_2 has natively added scene component(s), but none of them were set as the actor's RootComponent - picking one arbitrarily
[2016.03.21-09.00.42:874][304]LogWorld: Bringing up level for play took: 0.001069
[2016.03.21-09.00.42:905][304]PIE: Info Play in editor start time for /Temp/UEDPIE_0_Untitled_1 -0.294
[2016.03.21-09.00.46:406][708]LogParticles: Destroying 0 GPU particle simulations for FXSystem 0x000000006DBDA020
[2016.03.21-09.01.08:106][152]Cmd: OBJ SAVEPACKAGE PACKAGE="/Game/Scenes/Test/TestScene" FILE="D:/UEProjects/Project_Vektor/Content/Scenes/Test/TestScene.umap" SILENT=true AUTOSAVING=false KEEPDIRTY=false
[2016.03.21-09.01.08:314][152]LogSavePackage: Save=20.105576ms
[2016.03.21-09.01.08:314][152]LogSavePackage: Moving 'D:/UEProjects/Project_Vektor/Saved/TestScene94AB2A994856A1B490DBA5AC88A78047.tmp' to 'D:/UEProjects/Project_Vektor/Content/Scenes/Test/TestScene.umap'
[2016.03.21-09.01.08:314][152]LogSavePackage: Total save time: 20.883806ms
[2016.03.21-09.01.08:314][152]LogSavePackage:Display: Finished SavePackage D:/UEProjects/Project_Vektor/Content/Scenes/Test/TestScene.umap
[2016.03.21-09.01.08:325][152]LogFileHelpers: Saving map 'TestScene' took 0.618
[2016.03.21-09.01.08:329][152]Cmd: OBJ SAVEPACKAGE PACKAGE="/Game/Blueprints/Core/BP_AdventureMode" FILE="D:/UEProjects/Project_Vektor/Content/Blueprints/Core/BP_AdventureMode.uasset" SILENT=true
[2016.03.21-09.01.08:336][152]LogSavePackage: Save=5.865699ms
[2016.03.21-09.01.08:336][152]LogSavePackage: Moving 'D:/UEProjects/Project_Vektor/Saved/BP_AdventureModeDFB0079C4C394334BD664497CE9F4845.tmp' to 'D:/UEProjects/Project_Vektor/Content/Blueprints/Core/BP_AdventureMode.uasset'
[2016.03.21-09.01.08:336][152]LogSavePackage: Total save time: 6.807476ms
[2016.03.21-09.01.08:336][152]LogSavePackage:Display: Finished SavePackage D:/UEProjects/Project_Vektor/Content/Blueprints/Core/BP_AdventureMode.uasset
[2016.03.21-09.01.08:341][152]Cmd: OBJ SAVEPACKAGE PACKAGE="/Game/Blueprints/Core/BP_PlayerCharacter" FILE="D:/UEProjects/Project_Vektor/Content/Blueprints/Core/BP_PlayerCharacter.uasset" SILENT=true
[2016.03.21-09.01.08:353][152]LogSavePackage: Save=10.979205ms
[2016.03.21-09.01.08:353][152]LogSavePackage: Moving 'D:/UEProjects/Project_Vektor/Saved/BP_PlayerCharacter4BCB93B142B47FAC03AB83BE97F29A7E.tmp' to 'D:/UEProjects/Project_Vektor/Content/Blueprints/Core/BP_PlayerCharacter.uasset'
[2016.03.21-09.01.08:353][152]LogSavePackage: Total save time: 11.941757ms
[2016.03.21-09.01.08:353][152]LogSavePackage:Display: Finished SavePackage D:/UEProjects/Project_Vektor/Content/Blueprints/Core/BP_PlayerCharacter.uasset
[2016.03.21-09.01.10:371][373]LogActorComponent: UnregisterComponent: (/Engine/Transient.EditorFloorComp) Not registered. Aborting.
[2016.03.21-09.01.10:412][373]LogActorComponent: UnregisterComponent: (/Engine/Transient.EditorFloorComp) Not registered. Aborting.
[2016.03.21-09.01.10:653][374]Cmd: QUIT_EDITOR
[2016.03.21-09.01.10:769][374]LogExit: Preparing to exit.
[2016.03.21-09.01.11:841][374]LogExit: Editor shut down
[2016.03.21-09.01.11:842][374]LogExit: Transaction tracking system shut down
[2016.03.21-09.01.11:843][374]LogParticles: Destroying 0 GPU particle simulations for FXSystem 0x00000000127B7A60
[2016.03.21-09.01.11:843][374]LogParticles: Destroying 0 GPU particle simulations for FXSystem 0x0000000012653880
[2016.03.21-09.01.11:843][374]LogParticles: Destroying 0 GPU particle simulations for FXSystem 0x0000000048900C20
[2016.03.21-09.01.11:843][374]LogParticles: Destroying 0 GPU particle simulations for FXSystem 0x000000004888C860
[2016.03.21-09.01.11:843][374]LogParticles: Destroying 0 GPU particle simulations for FXSystem 0x00000000742F4720
[2016.03.21-09.01.11:844][374]LogParticles: Destroying 0 GPU particle simulations for FXSystem 0x00000000489020C0
[2016.03.21-09.01.11:854][374]LogParticles: Destroying 0 GPU particle simulations for FXSystem 0x000000003B26B600
[2016.03.21-09.01.11:989][374]LogExit: Object subsystem successfully closed.
[2016.03.21-09.01.12:004][374]LogD3D11RHI: Shutdown
[2016.03.21-09.01.12:004][374]LogD3D11RHI: CleanupD3DDevice
[2016.03.21-09.01.12:041][374]LogD3D11RHI: ~FD3D11DynamicRHI
[2016.03.21-09.01.12:050][374]LogModuleManager: Shutting down and abandoning module CookingStats (201)
[2016.03.21-09.01.12:050][374]LogModuleManager: Shutting down and abandoning module BlueprintGraph (200)
[2016.03.21-09.01.12:050][374]LogModuleManager: Shutting down and abandoning module ExternalImagePicker (199)
[2016.03.21-09.01.12:050][374]LogModuleManager: Shutting down and abandoning module CrashTracker (198)
[2016.03.21-09.01.12:050][374]LogModuleManager: Shutting down and abandoning module SceneOutliner (197)
[2016.03.21-09.01.12:050][374]LogModuleManager: Shutting down and abandoning module SuperSearch (196)
[2016.03.21-09.01.12:050][374]LogModuleManager: Shutting down and abandoning module WidgetCarousel (195)
[2016.03.21-09.01.12:050][374]LogModuleManager: Shutting down and abandoning module AddContentDialog (194)
[2016.03.21-09.01.12:051][374]LogModuleManager: Shutting down and abandoning module EditorWidgets (193)
[2016.03.21-09.01.12:051][374]LogModuleManager: Shutting down and abandoning module CollectionManager (192)
[2016.03.21-09.01.12:051][374]LogModuleManager: Shutting down and abandoning module StatsViewer (191)
[2016.03.21-09.01.12:051][374]LogModuleManager: Shutting down and abandoning module FoliageEdit (190)
[2016.03.21-09.01.12:051][374]LogModuleManager: Shutting down and abandoning module LandscapeEditor (189)
[2016.03.21-09.01.12:051][374]LogModuleManager: Shutting down and abandoning module ActorPickerMode (188)
[2016.03.21-09.01.12:051][374]LogModuleManager: Shutting down and abandoning module GeometryMode (187)
[2016.03.21-09.01.12:051][374]LogModuleManager: Shutting down and abandoning module TextureAlignMode (186)
[2016.03.21-09.01.12:051][374]LogModuleManager: Shutting down and abandoning module BspMode (185)
[2016.03.21-09.01.12:051][374]LogModuleManager: Shutting down and abandoning module PlacementMode (184)
[2016.03.21-09.01.12:051][374]LogModuleManager: Shutting down and abandoning module AutomationWorker (183)
[2016.03.21-09.01.12:051][374]LogModuleManager: Shutting down and abandoning module CharacterAI (182)
[2016.03.21-09.01.12:051][374]LogModuleManager: Shutting down and abandoning module SmartSnapping (181)
[2016.03.21-09.01.12:051][374]LogModuleManager: Shutting down and abandoning module ViewportSnapping (180)
[2016.03.21-09.01.12:051][374]LogModuleManager: Shutting down and abandoning module LogVisualizer (179)
[2016.03.21-09.01.12:051][374]LogModuleManager: Shutting down and abandoning module GameProjectGeneration (178)
[2016.03.21-09.01.12:051][374]LogModuleManager: Shutting down and abandoning module IntroTutorials (177)
[2016.03.21-09.01.12:051][374]LogModuleManager: Shutting down and abandoning module EditorLiveStreaming (176)
[2016.03.21-09.01.12:051][374]LogModuleManager: Shutting down and abandoning module IOSPlatformEditor (175)
[2016.03.21-09.01.12:051][374]LogModuleManager: Shutting down and abandoning module HTML5PlatformEditor (174)
[2016.03.21-09.01.12:051][374]LogModuleManager: Shutting down and abandoning module AndroidDeviceDetection (173)
[2016.03.21-09.01.12:492][374]LogModuleManager: Shutting down and abandoning module AndroidPlatformEditor (172)
[2016.03.21-09.01.12:492][374]LogModuleManager: Shutting down and abandoning module IOSRuntimeSettings (171)
[2016.03.21-09.01.12:492][374]LogModuleManager: Shutting down and abandoning module AndroidRuntimeSettings (170)
[2016.03.21-09.01.12:492][374]LogModuleManager: Shutting down and abandoning module MergeActors (169)
[2016.03.21-09.01.12:492][374]LogModuleManager: Shutting down and abandoning module SizeMap (168)
[2016.03.21-09.01.12:492][374]LogModuleManager: Shutting down and abandoning module TreeMap (167)
[2016.03.21-09.01.12:492][374]LogModuleManager: Shutting down and abandoning module ReferenceViewer (166)
[2016.03.21-09.01.12:492][374]LogModuleManager: Shutting down and abandoning module LocalizationService (165)
[2016.03.21-09.01.12:492][374]LogModuleManager: Shutting down and abandoning module LocalizationDashboard (164)
[2016.03.21-09.01.12:492][374]LogModuleManager: Shutting down and abandoning module HardwareTargeting (163)
[2016.03.21-09.01.12:492][374]LogModuleManager: Shutting down and abandoning module DeviceProfileEditor (162)
[2016.03.21-09.01.12:492][374]LogModuleManager: Shutting down and abandoning module UndoHistory (161)
[2016.03.21-09.01.12:492][374]LogModuleManager: Shutting down and abandoning module GameplayTagsEditor (160)
[2016.03.21-09.01.12:492][374]LogModuleManager: Shutting down and abandoning module UserFeedback (159)
[2016.03.21-09.01.12:492][374]LogModuleManager: Shutting down and abandoning module XmlParser (158)
[2016.03.21-09.01.12:492][374]LogModuleManager: Shutting down and abandoning module Blutility (157)
[2016.03.21-09.01.12:492][374]LogModuleManager: Shutting down and abandoning module ProjectTargetPlatformEditor (156)
[2016.03.21-09.01.12:492][374]LogModuleManager: Shutting down and abandoning module ProjectSettingsViewer (155)
[2016.03.21-09.01.12:492][374]LogModuleManager: Shutting down and abandoning module InputBindingEditor (154)
[2016.03.21-09.01.12:492][374]LogModuleManager: Shutting down and abandoning module EditorSettingsViewer (153)
[2016.03.21-09.01.12:492][374]LogModuleManager: Shutting down and abandoning module SettingsEditor (152)
[2016.03.21-09.01.12:492][374]LogModuleManager: Shutting down and abandoning module ProjectLauncher (151)
[2016.03.21-09.01.12:492][374]LogModuleManager: Shutting down and abandoning module SessionFrontend (150)
[2016.03.21-09.01.12:492][374]LogModuleManager: Shutting down and abandoning module ProfilerClient (149)
[2016.03.21-09.01.12:492][374]LogModuleManager: Shutting down and abandoning module TargetDeviceServices (148)
[2016.03.21-09.01.12:492][374]LogModuleManager: Shutting down and abandoning module DeviceManager (147)
[2016.03.21-09.01.12:493][374]LogModuleManager: Shutting down and abandoning module AutomationController (146)
[2016.03.21-09.01.12:493][374]LogModuleManager: Shutting down and abandoning module AutomationWindow (145)
[2016.03.21-09.01.12:493][374]LogModuleManager: Shutting down and abandoning module Layers (144)
[2016.03.21-09.01.12:493][374]LogModuleManager: Shutting down and abandoning module ComponentVisualizers (143)
[2016.03.21-09.01.12:493][374]LogModuleManager: Shutting down and abandoning module DetailCustomizations (142)
[2016.03.21-09.01.12:493][374]LogModuleManager: Shutting down and abandoning module PackagesDialog (141)
[2016.03.21-09.01.12:493][374]LogModuleManager: Shutting down and abandoning module Persona (140)
[2016.03.21-09.01.12:493][374]LogModuleManager: Shutting down and abandoning module Kismet (139)
[2016.03.21-09.01.12:493][374]LogModuleManager: Shutting down and abandoning module GraphEditor (138)
[2016.03.21-09.01.12:493][374]LogModuleManager: Shutting down and abandoning module ClassViewer (137)
[2016.03.21-09.01.12:494][374]LogModuleManager: Shutting down and abandoning module Toolbox (136)
[2016.03.21-09.01.12:494][374]LogModuleManager: Shutting down and abandoning module ModuleUI (135)
[2016.03.21-09.01.12:494][374]LogModuleManager: Shutting down and abandoning module MovieSceneTools (134)
[2016.03.21-09.01.12:494][374]LogModuleManager: Shutting down and abandoning module OutputLog (133)
[2016.03.21-09.01.12:494][374]LogModuleManager: Shutting down and abandoning module GammaUI (132)
[2016.03.21-09.01.12:494][374]LogModuleManager: Shutting down and abandoning module Documentation (131)
[2016.03.21-09.01.12:494][374]LogModuleManager: Shutting down and abandoning module GameLiveStreaming (130)
[2016.03.21-09.01.12:494][374]LogModuleManager: Shutting down and abandoning module StreamingPauseRendering (129)
[2016.03.21-09.01.12:494][374]LogModuleManager: Shutting down and abandoning module AnalyticsET (128)
[2016.03.21-09.01.12:494][374]LogModuleManager: Shutting down and abandoning module Analytics (127)
[2016.03.21-09.01.12:494][374]LogModuleManager: Shutting down and abandoning module AITestSuite (126)
[2016.03.21-09.01.12:494][374]LogModuleManager: Shutting down and abandoning module GameplayDebugger (125)
[2016.03.21-09.01.12:494][374]LogModuleManager: Shutting down and abandoning module AIModule (124)
[2016.03.21-09.01.12:494][374]LogModuleManager: Shutting down and abandoning module ProfilerService (123)
[2016.03.21-09.01.12:595][374]LogModuleManager: Shutting down and abandoning module TaskGraph (122)
[2016.03.21-09.01.12:595][374]LogModuleManager: Shutting down and abandoning module SlateRemote (121)
[2016.03.21-09.01.12:595][374]LogModuleManager: Shutting down and abandoning module SteamVRController (120)
[2016.03.21-09.01.12:595][374]LogModuleManager: Shutting down and abandoning module SteamVR (119)
[2016.03.21-09.01.12:595][374]LogModuleManager: Shutting down and abandoning module ProceduralMeshComponent (118)
[2016.03.21-09.01.12:595][374]LogModuleManager: Shutting down and abandoning module OculusLibrary (117)
[2016.03.21-09.01.12:595][374]LogModuleManager: Shutting down and abandoning module OculusInput (116)
[2016.03.21-09.01.12:595][374]LogModuleManager: Shutting down and abandoning module LeapMotionController (115)
[2016.03.21-09.01.12:601][374]LogModuleManager: Shutting down and abandoning module CustomMeshComponent (114)
[2016.03.21-09.01.12:601][374]LogModuleManager: Shutting down and abandoning module CableComponent (113)
[2016.03.21-09.01.12:601][374]LogModuleManager: Shutting down and abandoning module ArchVisCharacter (112)
[2016.03.21-09.01.12:601][374]LogModuleManager: Shutting down and abandoning module MessagingDebugger (111)
[2016.03.21-09.01.12:601][374]LogModuleManager: Shutting down and abandoning module MediaPlayerEditor (110)
[2016.03.21-09.01.12:601][374]LogModuleManager: Shutting down and abandoning module HTML5Networking (109)
[2016.03.21-09.01.12:601][374]LogModuleManager: Shutting down and abandoning module SpeedTreeImporter (108)
[2016.03.21-09.01.12:601][374]LogModuleManager: Shutting down and abandoning module PluginBrowser (107)
[2016.03.21-09.01.12:601][374]LogModuleManager: Shutting down and abandoning module EpicSurvey (106)
[2016.03.21-09.01.12:601][374]LogModuleManager: Shutting down and abandoning module DesktopPlatform (105)
[2016.03.21-09.01.12:601][374]LogModuleManager: Shutting down and abandoning module VisualStudioSourceCodeAccess (104)
[2016.03.21-09.01.12:601][374]LogModuleManager: Shutting down and abandoning module UObjectPlugin (103)
[2016.03.21-09.01.12:601][374]LogModuleManager: Shutting down and abandoning module SubversionSourceControl (102)
[2016.03.21-09.01.12:601][374]LogModuleManager: Shutting down and abandoning module PerforceSourceControl (101)
[2016.03.21-09.01.12:601][374]LogModuleManager: Shutting down and abandoning module SourceControl (100)
[2016.03.21-09.01.12:601][374]LogModuleManager: Shutting down and abandoning module GitSourceControl (99)
[2016.03.21-09.01.12:601][374]LogModuleManager: Shutting down and abandoning module LightPropagationVolumeEditor (98)
[2016.03.21-09.01.12:601][374]LogModuleManager: Shutting down and abandoning module PaperTiledImporter (97)
[2016.03.21-09.01.12:601][374]LogModuleManager: Shutting down and abandoning module PaperSpriteSheetImporter (96)
[2016.03.21-09.01.12:601][374]LogModuleManager: Shutting down and abandoning module MeshPaint (95)
[2016.03.21-09.01.12:601][374]LogModuleManager: Shutting down and abandoning module SlateReflector (94)
[2016.03.21-09.01.12:601][374]LogModuleManager: Shutting down and abandoning module HotReload (93)
[2016.03.21-09.01.12:601][374]LogModuleManager: Shutting down and abandoning module MainFrame (92)
[2016.03.21-09.01.12:602][374]LogModuleManager: Shutting down and abandoning module LevelEditor (91)
[2016.03.21-09.01.12:602][374]LogModuleManager: Shutting down and abandoning module DirectoryWatcher (90)
[2016.03.21-09.01.12:603][374]LogModuleManager: Shutting down and abandoning module AssetRegistry (89)
[2016.03.21-09.01.12:634][374]LogModuleManager: Shutting down and abandoning module ContentBrowser (88)
[2016.03.21-09.01.12:635][374]LogModuleManager: Shutting down and abandoning module Paper2DEditor (87)
[2016.03.21-09.01.12:635][374]LogModuleManager: Shutting down and abandoning module UdpMessaging (86)
[2016.03.21-09.01.12:735][374]LogModuleManager: Shutting down and abandoning module LightPropagationVolumeRuntime (85)
[2016.03.21-09.01.12:735][374]LogModuleManager: Shutting down and abandoning module Paper2D (84)
[2016.03.21-09.01.12:735][374]LogModuleManager: Shutting down and abandoning module WindowsMoviePlayer (83)
[2016.03.21-09.01.12:737][374]LogModuleManager: Shutting down and abandoning module Media (82)
[2016.03.21-09.01.12:737][374]LogModuleManager: Shutting down and abandoning module WmfMedia (81)
[2016.03.21-09.01.12:737][374]LogModuleManager: Shutting down and abandoning module OnlineBlueprintSupport (80)
[2016.03.21-09.01.12:737][374]LogModuleManager: Shutting down and abandoning module GameplayTasksEditor (79)
[2016.03.21-09.01.12:738][374]LogModuleManager: Shutting down and abandoning module PropertyEditor (78)
[2016.03.21-09.01.12:738][374]LogModuleManager: Shutting down and abandoning module BehaviorTreeEditor (77)
[2016.03.21-09.01.12:738][374]LogModuleManager: Shutting down and abandoning module FunctionalTesting (76)
[2016.03.21-09.01.12:738][374]LogModuleManager: Shutting down and abandoning module CollisionAnalyzer (75)
[2016.03.21-09.01.12:738][374]LogModuleManager: Shutting down and abandoning module WorkspaceMenuStructure (74)
[2016.03.21-09.01.12:738][374]LogModuleManager: Shutting down and abandoning module MessageLog (73)
[2016.03.21-09.01.12:738][374]LogModuleManager: Shutting down and abandoning module Sequencer (72)
[2016.03.21-09.01.12:738][374]LogModuleManager: Shutting down and abandoning module AssetTools (71)
[2016.03.21-09.01.12:738][374]LogModuleManager: Shutting down and abandoning module UMGEditor (70)
[2016.03.21-09.01.12:738][374]LogModuleManager: Shutting down and abandoning module UMG (69)
[2016.03.21-09.01.12:738][374]LogModuleManager: Shutting down and abandoning module Slate (68)
[2016.03.21-09.01.12:738][374]LogModuleManager: Shutting down and abandoning module EditorStyle (67)
[2016.03.21-09.01.12:739][374]LogModuleManager: Shutting down and abandoning module SessionServices (66)
[2016.03.21-09.01.12:739][374]LogModuleManager: Shutting down and abandoning module SourceCodeAccess (65)
[2016.03.21-09.01.12:739][374]LogModuleManager: Shutting down and abandoning module HeadMountedDisplay (64)
[2016.03.21-09.01.12:739][374]LogModuleManager: Shutting down and abandoning module XAudio2 (63)
[2016.03.21-09.01.12:739][374]LogModuleManager: Shutting down and abandoning module Networking (61)
[2016.03.21-09.01.12:739][374]LogModuleManager: Shutting down and abandoning module Core (60)
[2016.03.21-09.01.12:739][374]LogModuleManager: Shutting down and abandoning module KismetCompiler (59)
[2016.03.21-09.01.12:739][374]LogModuleManager: Shutting down and abandoning module PhysXFormats (58)
[2016.03.21-09.01.12:739][374]LogModuleManager: Shutting down and abandoning module MeshUtilities (57)
[2016.03.21-09.01.12:739][374]LogModuleManager: Shutting down and abandoning module DerivedDataCache (56)
[2016.03.21-09.01.12:740][374]LogDerivedDataCache: Shutdown
[2016.03.21-09.01.12:740][374]LogModuleManager: Shutting down and abandoning module ShaderFormatOpenGL (55)
[2016.03.21-09.01.12:740][374]LogModuleManager: Shutting down and abandoning module ShaderFormatD3D (54)
[2016.03.21-09.01.12:740][374]LogModuleManager: Shutting down and abandoning module MetalShaderFormat (53)
[2016.03.21-09.01.12:740][374]LogModuleManager: Shutting down and abandoning module TextureFormatUncompressed (52)
[2016.03.21-09.01.12:740][374]LogModuleManager: Shutting down and abandoning module TextureFormatPVR (51)
[2016.03.21-09.01.12:740][374]LogModuleManager: Shutting down and abandoning module TextureFormatIntelISPCTexComp (50)
[2016.03.21-09.01.12:740][374]LogModuleManager: Shutting down and abandoning module TextureFormatDXT (49)
[2016.03.21-09.01.12:740][374]LogModuleManager: Shutting down and abandoning module ImageWrapper (48)
[2016.03.21-09.01.12:740][374]LogModuleManager: Shutting down and abandoning module TextureFormatASTC (47)
[2016.03.21-09.01.12:740][374]LogModuleManager: Shutting down and abandoning module TextureFormatAndroid (46)
[2016.03.21-09.01.12:740][374]LogModuleManager: Shutting down and abandoning module AudioFormatOpus (45)
[2016.03.21-09.01.12:740][374]LogModuleManager: Shutting down and abandoning module AudioFormatOgg (44)
[2016.03.21-09.01.12:740][374]LogModuleManager: Shutting down and abandoning module AudioFormatADPCM (43)
[2016.03.21-09.01.12:740][374]LogModuleManager: Shutting down and abandoning module LinuxTargetPlatform (42)
[2016.03.21-09.01.12:740][374]LogModuleManager: Shutting down and abandoning module LinuxServerTargetPlatform (41)
[2016.03.21-09.01.12:740][374]LogModuleManager: Shutting down and abandoning module LinuxNoEditorTargetPlatform (40)
[2016.03.21-09.01.12:740][374]LogModuleManager: Shutting down and abandoning module Messaging (39)
[2016.03.21-09.01.12:740][374]LogModuleManager: Shutting down and abandoning module IOSTargetPlatform (38)
[2016.03.21-09.01.12:740][374]LogModuleManager: Shutting down and abandoning module HTML5TargetPlatform (37)
[2016.03.21-09.01.12:740][374]LogModuleManager: Shutting down and abandoning module Android_PVRTCTargetPlatform (36)
[2016.03.21-09.01.12:740][374]LogModuleManager: Shutting down and abandoning module Android_MultiTargetPlatform (35)
[2016.03.21-09.01.12:740][374]LogModuleManager: Shutting down and abandoning module Android_ETC2TargetPlatform (34)
[2016.03.21-09.01.12:740][374]LogModuleManager: Shutting down and abandoning module Android_ETC1TargetPlatform (33)
[2016.03.21-09.01.12:740][374]LogModuleManager: Shutting down and abandoning module Android_DXTTargetPlatform (32)
[2016.03.21-09.01.12:740][374]LogModuleManager: Shutting down and abandoning module Android_ATCTargetPlatform (31)
[2016.03.21-09.01.12:740][374]LogModuleManager: Shutting down and abandoning module Android_ASTCTargetPlatform (30)
[2016.03.21-09.01.12:740][374]LogModuleManager: Shutting down and abandoning module AndroidTargetPlatform (29)
[2016.03.21-09.01.12:740][374]LogModuleManager: Shutting down and abandoning module WindowsTargetPlatform (28)
[2016.03.21-09.01.12:740][374]LogModuleManager: Shutting down and abandoning module WindowsServerTargetPlatform (27)
[2016.03.21-09.01.12:740][374]LogModuleManager: Shutting down and abandoning module WindowsNoEditorTargetPlatform (26)
[2016.03.21-09.01.12:740][374]LogModuleManager: Shutting down and abandoning module WindowsClientTargetPlatform (25)
[2016.03.21-09.01.12:740][374]LogModuleManager: Shutting down and abandoning module AllDesktopTargetPlatform (24)
[2016.03.21-09.01.12:740][374]LogModuleManager: Shutting down and abandoning module TargetPlatform (23)
[2016.03.21-09.01.12:740][374]LogModuleManager: Shutting down and abandoning module InputCore (22)
[2016.03.21-09.01.12:740][374]LogModuleManager: Shutting down and abandoning module Settings (21)
[2016.03.21-09.01.12:740][374]LogModuleManager: Shutting down and abandoning module OnlineSubsystem (19)
[2016.03.21-09.01.12:740][374]LogModuleManager: Shutting down and abandoning module HTTP (18)
[2016.03.21-09.01.13:740][374]LogModuleManager: Shutting down and abandoning module XMPP (17)
[2016.03.21-09.01.13:740][374]LogModuleManager: Shutting down and abandoning module OculusRift (16)
[2016.03.21-09.01.13:740][374]LogModuleManager: Shutting down and abandoning module ExampleDeviceProfileSelector (15)
[2016.03.21-09.01.13:740][374]LogModuleManager: Shutting down and abandoning module TextureCompressor (14)
[2016.03.21-09.01.13:740][374]LogModuleManager: Shutting down and abandoning module ShaderCore (13)
[2016.03.21-09.01.13:740][374]LogModuleManager: Shutting down and abandoning module Landscape (12)
[2016.03.21-09.01.13:740][374]LogModuleManager: Shutting down and abandoning module SlateRHIRenderer (11)
[2016.03.21-09.01.13:740][374]LogModuleManager: Shutting down and abandoning module OpenGLDrv (10)
[2016.03.21-09.01.13:740][374]LogModuleManager: Shutting down and abandoning module D3D11RHI (9)
[2016.03.21-09.01.13:740][374]LogModuleManager: Shutting down and abandoning module AnimGraphRuntime (8)
[2016.03.21-09.01.13:740][374]LogModuleManager: Shutting down and abandoning module Renderer (7)
[2016.03.21-09.01.13:740][374]LogModuleManager: Shutting down and abandoning module Engine (6)
[2016.03.21-09.01.13:740][374]LogModuleManager: Shutting down and abandoning module CoreUObject (5)
[2016.03.21-09.01.13:740][374]LogModuleManager: Shutting down and abandoning module NetworkFile (4)
[2016.03.21-09.01.13:740][374]LogModuleManager: Shutting down and abandoning module StreamingFile (3)
[2016.03.21-09.01.13:740][374]LogModuleManager: Shutting down and abandoning module SandboxFile (2)
[2016.03.21-09.01.13:741][374]LogModuleManager: Shutting down and abandoning module PakFile (1)
[2016.03.21-09.01.13:742][374]LogExit: Exiting.
[2016.03.21-09.01.13:748][374]Log file closed, 03/21/16 12:01:13
